<?xml version="1.0" encoding="UTF-8"?>
<testsuites name="Test-Demoblaze-Mijail" tests="4" time="0.430">
  <testsuite name="Add_New_Pet" id="ae154a7a-3c2d-429b-b0de-1bf0f93af858" timestamp="2024-06-25T19:45:09.853Z" tests="10" failures="0" errors="0" time="0.344">
    <testcase name="TEST: 1 --> Response time is less than 3000ms (344ms)" time="0.344" classname="TestDemoblazeMijail"/>
    <testcase name="TEST: 2 --> Response Status = 200" time="0.344" classname="TestDemoblazeMijail"/>
    <testcase name="&quot;TEST: 3 --> Verify that the [id: 922337203685466] parameter" time="0.344" classname="TestDemoblazeMijail"/>
    <testcase name="&quot;TEST: 4 --> Verify that the [category] parameter" time="0.344" classname="TestDemoblazeMijail"/>
    <testcase name="&quot;TEST: 5 --> Verify that the [name: Buddy] parameter" time="0.344" classname="TestDemoblazeMijail"/>
    <testcase name="TEST: 6 - Verificar el parámetro [PhotoUrl: https://randompet.me/api/portraits/pet/5.jpg]" time="0.344" classname="TestDemoblazeMijail"/>
    <testcase name="TEST: 7 - Verificar el parámetro [PhotoUrl: https://randompet.me/api/portraits/pet/2.jpg]" time="0.344" classname="TestDemoblazeMijail"/>
    <testcase name="TEST: 8 --> Verificar el parámetro [Tag-1: small]" time="0.344" classname="TestDemoblazeMijail"/>
    <testcase name="TEST: 9 --> Verificar el parámetro [Tag-2: goldfish]" time="0.344" classname="TestDemoblazeMijail"/>
    <testcase name="&quot;TEST: 10 --> Verify that the [status: available] parameter" time="0.344" classname="TestDemoblazeMijail"/>
  </testsuite>
  <testsuite name="Get_Pet_By_Id" id="bb3b9255-9b8a-48e0-a804-f4435ca0171e" timestamp="2024-06-25T19:45:09.853Z" tests="10" failures="0" errors="0" time="0.035">
    <testcase name="TEST: 1 --> Response time is less than 3000ms (35ms)" time="0.035" classname="TestDemoblazeMijail"/>
    <testcase name="TEST: 2 --> Response Status = 200" time="0.035" classname="TestDemoblazeMijail"/>
    <testcase name="&quot;TEST: 3 --> Verify that the [id: 922337203685466] parameter" time="0.035" classname="TestDemoblazeMijail"/>
    <testcase name="&quot;TEST: 4 --> Verify that the [category] parameter" time="0.035" classname="TestDemoblazeMijail"/>
    <testcase name="&quot;TEST: 5 --> Verify that the [name: Buddy] parameter" time="0.035" classname="TestDemoblazeMijail"/>
    <testcase name="TEST: 6 - Verificar el parámetro [PhotoUrl: https://randompet.me/api/portraits/pet/5.jpg]" time="0.035" classname="TestDemoblazeMijail"/>
    <testcase name="TEST: 7 - Verificar el parámetro [PhotoUrl: https://randompet.me/api/portraits/pet/2.jpg]" time="0.035" classname="TestDemoblazeMijail"/>
    <testcase name="TEST: 8 --> Verificar el parámetro [Tag-1: small]" time="0.035" classname="TestDemoblazeMijail"/>
    <testcase name="TEST: 9 --> Verificar el parámetro [Tag-2: goldfish]" time="0.035" classname="TestDemoblazeMijail"/>
    <testcase name="&quot;TEST: 10 --> Verify that the [status: available] parameter" time="0.035" classname="TestDemoblazeMijail"/>
  </testsuite>
  <testsuite name="Update_Pet" id="6b413e60-ea66-4cee-9449-9606e1989810" timestamp="2024-06-25T19:45:09.853Z" tests="10" failures="0" errors="0" time="0.026">
    <testcase name="TEST: 1 --> Response time is less than 3000ms (26ms)" time="0.026" classname="TestDemoblazeMijail"/>
    <testcase name="TEST: 2 --> Response Status = 200" time="0.026" classname="TestDemoblazeMijail"/>
    <testcase name="&quot;TEST: 3 --> Verify that the [id: 922337203685466] parameter" time="0.026" classname="TestDemoblazeMijail"/>
    <testcase name="&quot;TEST: 4 --> Verify that the [category] parameter" time="0.026" classname="TestDemoblazeMijail"/>
    <testcase name="&quot;TEST: 5 --> Verify that the [name: Nacho] parameter" time="0.026" classname="TestDemoblazeMijail"/>
    <testcase name="TEST: 6 - Verificar el parámetro [PhotoUrl: https://randompet.me/api/portraits/pet/5.jpg]" time="0.026" classname="TestDemoblazeMijail"/>
    <testcase name="TEST: 7 - Verificar el parámetro [PhotoUrl: https://randompet.me/api/portraits/pet/2.jpg]" time="0.026" classname="TestDemoblazeMijail"/>
    <testcase name="TEST: 8 --> Verificar el parámetro [Tag-1: small]" time="0.026" classname="TestDemoblazeMijail"/>
    <testcase name="TEST: 9 --> Verificar el parámetro [Tag-2: goldfish]" time="0.026" classname="TestDemoblazeMijail"/>
    <testcase name="&quot;TEST: 10 --> Verify that the [status: sold] parameter" time="0.026" classname="TestDemoblazeMijail"/>
  </testsuite>
  <testsuite name="Get_Pet_By_Status" id="568fe3e6-c332-40bc-ba03-f29602d42c68" timestamp="2024-06-25T19:45:09.853Z" tests="10" failures="0" errors="0" time="0.025">
    <testcase name="TEST: 1 --> Response time is less than 3000ms (25ms)" time="0.025" classname="TestDemoblazeMijail"/>
    <testcase name="TEST: 2 --> Response Status = 200" time="0.025" classname="TestDemoblazeMijail"/>
    <testcase name="&quot;TEST: 3 --> Verify that the [id: 922337203685466] parameter" time="0.025" classname="TestDemoblazeMijail"/>
    <testcase name="&quot;TEST: 4 --> Verify that the [category] parameter" time="0.025" classname="TestDemoblazeMijail"/>
    <testcase name="&quot;TEST: 5 --> Verify that the [name: Nacho] parameter" time="0.025" classname="TestDemoblazeMijail"/>
    <testcase name="TEST: 6 - Verificar el parámetro [PhotoUrl: https://randompet.me/api/portraits/pet/5.jpg]" time="0.025" classname="TestDemoblazeMijail"/>
    <testcase name="TEST: 7 - Verificar el parámetro [PhotoUrl: https://randompet.me/api/portraits/pet/2.jpg]" time="0.025" classname="TestDemoblazeMijail"/>
    <testcase name="TEST: 8 --> Verificar el parámetro [Tag-1: small]" time="0.025" classname="TestDemoblazeMijail"/>
    <testcase name="TEST: 9 --> Verificar el parámetro [Tag-2: goldfish]" time="0.025" classname="TestDemoblazeMijail"/>
    <testcase name="&quot;TEST: 10 --> Verify that the [status: sold] parameter" time="0.025" classname="TestDemoblazeMijail"/>
  </testsuite>
</testsuites>